[2020-10-30T11:04:36+08:00][error] [8]未定义变量: schedulUrl[/Users/huang/Documents/project/jining/xingzhengguanli/runtime/temp/66ae995a717b1321694f037dba195713.php:98]
[2020-10-30T11:14:42+08:00][error] [0]模板文件不存在:/Users/huang/Documents/project/jining/xingzhengguanli/app/view/volunteer_activity/schedule.tpl[/Users/huang/Documents/project/jining/xingzhengguanli/vendor/topthink/think-view/src/Think.php:146]
[2020-10-30T11:15:15+08:00][error] [8]未定义变量: viewUrl[/Users/huang/Documents/project/jining/xingzhengguanli/runtime/temp/724096c48d27f2fcaeede0eb89084556.php:35]
[2020-10-30T11:16:11+08:00][error] [8]未定义变量: viewUrl[/Users/huang/Documents/project/jining/xingzhengguanli/runtime/temp/724096c48d27f2fcaeede0eb89084556.php:35]
[2020-10-30T11:17:54+08:00][error] [8]Undefined property: app\controller\VolunteerActivity::$vkey[/Users/huang/Documents/project/jining/xingzhengguanli/app/controller/VolunteerActivity.php:239]
[2020-10-30T11:18:22+08:00][error] [8]未定义变量: viewUrl[/Users/huang/Documents/project/jining/xingzhengguanli/runtime/temp/724096c48d27f2fcaeede0eb89084556.php:35]
[2020-10-30T11:19:49+08:00][error] [8]未定义变量: data[/Users/huang/Documents/project/jining/xingzhengguanli/runtime/temp/724096c48d27f2fcaeede0eb89084556.php:39]
[2020-10-30T11:21:29+08:00][error] [8]未定义变量: data[/Users/huang/Documents/project/jining/xingzhengguanli/runtime/temp/724096c48d27f2fcaeede0eb89084556.php:39]
[2020-10-30T11:21:49+08:00][error] [8]未定义变量: workUrl[/Users/huang/Documents/project/jining/xingzhengguanli/runtime/temp/724096c48d27f2fcaeede0eb89084556.php:99]
[2020-10-30T12:01:00+08:00][error] [8]未定义变量: item[/Users/huang/Documents/project/jining/xingzhengguanli/runtime/temp/724096c48d27f2fcaeede0eb89084556.php:83]
[2020-10-30T12:36:18+08:00][error] [8]Undefined property: app\controller\User::$vkey[/Users/huang/Documents/project/jining/xingzhengguanli/app/controller/User.php:193]
[2020-10-30T12:36:25+08:00][error] [8]Undefined property: app\controller\User::$key[/Users/huang/Documents/project/jining/xingzhengguanli/app/controller/User.php:193]
[2020-10-30T12:48:22+08:00][error] [8]未定义变量: chooseHtml[/Users/huang/Documents/project/jining/xingzhengguanli/app/controller/User.php:217]
[2020-10-30T12:59:03+08:00][error] [8]未定义数组索引: activity_name[/Users/huang/Documents/project/jining/xingzhengguanli/runtime/temp/9ff639f4572767b66eda389035d23e7a.php:65]
[2020-10-30T13:03:41+08:00][error] [8]未定义数组索引: activity_name[/Users/huang/Documents/project/jining/xingzhengguanli/runtime/temp/9ff639f4572767b66eda389035d23e7a.php:65]
[2020-10-30T13:04:53+08:00][error] [8]未定义数组索引: begin_time[/Users/huang/Documents/project/jining/xingzhengguanli/app/controller/Schedule.php:52]
[2020-10-30T13:08:52+08:00][error] [8]未定义数组索引: activity_name[/Users/huang/Documents/project/jining/xingzhengguanli/runtime/temp/9ff639f4572767b66eda389035d23e7a.php:65]
[2020-10-30T15:22:46+08:00][error] [0]模板文件不存在:/Users/huang/Documents/project/jining/xingzhengguanli/app/view/volunteer_activity/show.tpl[/Users/huang/Documents/project/jining/xingzhengguanli/vendor/topthink/think-view/src/Think.php:146]
[2020-10-30T15:24:24+08:00][error] [0]模板文件不存在:/Users/huang/Documents/project/jining/xingzhengguanli/app/view/volunteer_activity/show.tpl[/Users/huang/Documents/project/jining/xingzhengguanli/vendor/topthink/think-view/src/Think.php:146]
[2020-10-30T15:24:49+08:00][error] [8]未定义变量: isLayerOpen[/Users/huang/Documents/project/jining/xingzhengguanli/runtime/temp/d2238971461038a06789ad1983708773.php:30]
[2020-10-30T15:25:09+08:00][error] [8]未定义变量: data[/Users/huang/Documents/project/jining/xingzhengguanli/runtime/temp/d2238971461038a06789ad1983708773.php:36]
[2020-10-30T15:30:28+08:00][error] [8]未定义变量: data[/Users/huang/Documents/project/jining/xingzhengguanli/runtime/temp/d2238971461038a06789ad1983708773.php:36]
[2020-10-30T15:30:48+08:00][error] [8]未定义数组索引: manager_id[/Users/huang/Documents/project/jining/xingzhengguanli/runtime/temp/d2238971461038a06789ad1983708773.php:51]
[2020-10-30T15:39:36+08:00][error] [8]未定义数组索引: manager_id[/Users/huang/Documents/project/jining/xingzhengguanli/runtime/temp/d2238971461038a06789ad1983708773.php:50]
[2020-10-30T15:51:36+08:00][error] [8]未定义数组索引: users[/Users/huang/Documents/project/jining/xingzhengguanli/runtime/temp/d2238971461038a06789ad1983708773.php:52]
[2020-10-30T15:52:34+08:00][error] [2]htmlentities() expects parameter 1 to be string, array given[/Users/huang/Documents/project/jining/xingzhengguanli/runtime/temp/d2238971461038a06789ad1983708773.php:52]
[2020-10-30T15:53:52+08:00][error] [2]explode() expects parameter 2 to be string, array given[/Users/huang/Documents/project/jining/xingzhengguanli/app/controller/VolunteerActivity.php:269]
[2020-10-30T15:54:55+08:00][error] [8]未定义变量: pageHtml[/Users/huang/Documents/project/jining/xingzhengguanli/runtime/temp/d2238971461038a06789ad1983708773.php:61]
[2020-10-30T16:29:56+08:00][error] [2]A non-numeric value encountered[/Users/huang/Documents/project/jining/xingzhengguanli/app/common/Page.php:86]
[2020-10-30T16:30:13+08:00][error] [2]A non-numeric value encountered[/Users/huang/Documents/project/jining/xingzhengguanli/app/common/Page.php:86]
[2020-10-30T17:32:00+08:00][error] [2]Use of undefined constant condition - assumed 'condition' (this will throw an Error in a future version of PHP)[/Users/huang/Documents/project/jining/xingzhengguanli/app/controller/Schedule.php:29]
[2020-10-30T17:38:55+08:00][error] [0]Call to undefined method app\controller\Schedule::setCache()[/Users/huang/Documents/project/jining/xingzhengguanli/app/controller/common/CommonWork.php:150]
[2020-10-30T17:42:38+08:00][error] [0]Call to undefined method app\controller\Schedule::setCache()[/Users/huang/Documents/project/jining/xingzhengguanli/app/controller/common/CommonWork.php:150]
[2020-10-30T17:46:35+08:00][error] [8]未定义数组索引: begin_time[/Users/huang/Documents/project/jining/xingzhengguanli/app/controller/Schedule.php:64]
[2020-10-30T17:47:55+08:00][error] [8]未定义数组索引: begin_time[/Users/huang/Documents/project/jining/xingzhengguanli/app/controller/Schedule.php:64]
[2020-10-30T17:48:48+08:00][error] [8]未定义数组索引: address[/Users/huang/Documents/project/jining/xingzhengguanli/runtime/temp/650790e4c558747f5ce1670efb1df159.php:45]
[2020-10-30T17:53:37+08:00][error] [8]未定义数组索引: address[/Users/huang/Documents/project/jining/xingzhengguanli/runtime/temp/650790e4c558747f5ce1670efb1df159.php:45]
[2020-10-30T17:57:18+08:00][error] [8]未定义数组索引: schedule_title[/Users/huang/Documents/project/jining/xingzhengguanli/runtime/temp/650790e4c558747f5ce1670efb1df159.php:70]
[2020-10-30T18:09:23+08:00][error] [8]未定义数组索引: user[/Users/huang/Documents/project/jining/xingzhengguanli/runtime/temp/650790e4c558747f5ce1670efb1df159.php:94]
[2020-10-30T18:09:52+08:00][error] [8]未定义数组索引: user_id[/Users/huang/Documents/project/jining/xingzhengguanli/runtime/temp/650790e4c558747f5ce1670efb1df159.php:99]
[2020-10-30T18:40:01+08:00][error] [0]模板文件不存在:/Users/huang/Documents/project/jining/xingzhengguanli/app/view/level/list.tpl[/Users/huang/Documents/project/jining/xingzhengguanli/vendor/topthink/think-view/src/Think.php:146]
[2020-10-30T18:40:36+08:00][error] [8]未定义变量: statusSelectStr[/Users/huang/Documents/project/jining/xingzhengguanli/runtime/temp/a1076c8a7a3f32ed99bf4f15508792b0.php:46]
[2020-10-30T18:41:08+08:00][error] [8]未定义数组索引: name[/Users/huang/Documents/project/jining/xingzhengguanli/runtime/temp/bf16f31bd2d2aa61d50be24d42e5d5a7.php:40]
[2020-10-30T18:45:44+08:00][error] [0]Call to undefined method app\controller\Level::setCache()[/Users/huang/Documents/project/jining/xingzhengguanli/app/controller/Level.php:141]
[2020-10-30T18:45:48+08:00][error] [0]Call to undefined method app\controller\Level::setCache()[/Users/huang/Documents/project/jining/xingzhengguanli/app/controller/Level.php:141]
[2020-10-30T18:47:18+08:00][error] [8]Undefined property: app\controller\Level::$mapIns[/Users/huang/Documents/project/jining/xingzhengguanli/app/controller/Level.php:29]
[2020-10-30T18:47:27+08:00][error] [8]Undefined property: app\controller\Level::$mapIns[/Users/huang/Documents/project/jining/xingzhengguanli/app/controller/Level.php:29]
[2020-10-30T18:47:29+08:00][error] [8]Undefined property: app\controller\Level::$mapIns[/Users/huang/Documents/project/jining/xingzhengguanli/app/controller/Level.php:29]
[2020-10-30T18:47:52+08:00][error] [8]未定义数组索引: name[/Users/huang/Documents/project/jining/xingzhengguanli/runtime/temp/a1076c8a7a3f32ed99bf4f15508792b0.php:74]
[2020-10-30T18:47:55+08:00][error] [8]未定义数组索引: name[/Users/huang/Documents/project/jining/xingzhengguanli/runtime/temp/a1076c8a7a3f32ed99bf4f15508792b0.php:74]
[2020-10-30T18:48:32+08:00][error] [0]Call to undefined method app\controller\Level::setCache()[/Users/huang/Documents/project/jining/xingzhengguanli/app/controller/common/CommonWork.php:150]
[2020-10-30T19:09:33+08:00][error] [0]模板文件不存在:/Users/huang/Documents/project/jining/xingzhengguanli/app/view/volunteer/examine.tpl[/Users/huang/Documents/project/jining/xingzhengguanli/vendor/topthink/think-view/src/Think.php:146]
[2020-10-30T19:10:55+08:00][error] [8]未定义变量: viewUrl[/Users/huang/Documents/project/jining/xingzhengguanli/runtime/temp/41d2ffdc61d02558c8a8c82673150f50.php:35]
[2020-10-30T19:13:02+08:00][error] [8]未定义变量: data[/Users/huang/Documents/project/jining/xingzhengguanli/runtime/temp/41d2ffdc61d02558c8a8c82673150f50.php:40]
[2020-10-30T19:13:17+08:00][error] [8]未定义变量: viewUrl[/Users/huang/Documents/project/jining/xingzhengguanli/runtime/temp/41d2ffdc61d02558c8a8c82673150f50.php:35]
[2020-10-30T19:13:57+08:00][error] [8]未定义变量: viewUrl[/Users/huang/Documents/project/jining/xingzhengguanli/runtime/temp/41d2ffdc61d02558c8a8c82673150f50.php:35]
[2020-10-30T19:15:00+08:00][error] [8]未定义变量: viewUrl[/Users/huang/Documents/project/jining/xingzhengguanli/runtime/temp/41d2ffdc61d02558c8a8c82673150f50.php:35]
[2020-10-30T19:15:16+08:00][error] [8]未定义变量: workUrl[/Users/huang/Documents/project/jining/xingzhengguanli/runtime/temp/41d2ffdc61d02558c8a8c82673150f50.php:89]
