[2020-11-03T16:16:11+08:00][error] [0]Argument 1 passed to think\cache\Driver::getCacheKey() must be of the type string, int given, called in /Users/huang/Documents/project/jining/xingzhengguanli/vendor/topthink/framework/src/think/cache/driver/Redis.php on line 141[/Users/huang/Documents/project/jining/xingzhengguanli/vendor/topthink/framework/src/think/cache/Driver.php:86]
[2020-11-03T16:16:54+08:00][error] [0]Argument 1 passed to think\cache\Driver::getCacheKey() must be of the type string, int given, called in /Users/huang/Documents/project/jining/xingzhengguanli/vendor/topthink/framework/src/think/cache/driver/Redis.php on line 141[/Users/huang/Documents/project/jining/xingzhengguanli/vendor/topthink/framework/src/think/cache/Driver.php:86]
[2020-11-03T16:18:55+08:00][error] [8]未定义数组索引: val[/Users/huang/Documents/project/jining/xingzhengguanli/app/controller/Base.php:507]
[2020-11-03T16:29:56+08:00][error] [8]未定义变量: params[/Users/huang/Documents/project/jining/xingzhengguanli/app/controller/VolunteerActivity.php:293]
[2020-11-03T16:59:13+08:00][error] [0]Call to undefined method app\controller\VolunteerActivity::setCache()[/Users/huang/Documents/project/jining/xingzhengguanli/app/controller/common/CommonWork.php:150]
[2020-11-03T17:00:43+08:00][error] [0]call_user_func_array() expects parameter 1 to be a valid callback, class 'Redis' does not have a method 'doing'[/Users/huang/Documents/project/jining/xingzhengguanli/vendor/topthink/framework/src/think/cache/Driver.php:345]
[2020-11-03T17:00:48+08:00][error] [0]call_user_func_array() expects parameter 1 to be a valid callback, class 'Redis' does not have a method 'doing'[/Users/huang/Documents/project/jining/xingzhengguanli/vendor/topthink/framework/src/think/cache/Driver.php:345]
[2020-11-03T18:37:47+08:00][error] [8]未定义数组索引: users[/Users/huang/Documents/project/jining/xingzhengguanli/runtime/temp/1544ab793645572b1d63b54115293b26.php:68]
[2020-11-03T19:03:43+08:00][error] [8]A non well formed numeric value encountered[/Users/huang/Documents/project/jining/xingzhengguanli/app/controller/Schedule.php:242]
[2020-11-03T19:04:19+08:00][error] [8]A non well formed numeric value encountered[/Users/huang/Documents/project/jining/xingzhengguanli/app/controller/Schedule.php:242]
[2020-11-03T19:04:55+08:00][error] [8]A non well formed numeric value encountered[/Users/huang/Documents/project/jining/xingzhengguanli/app/controller/Schedule.php:242]
[2020-11-03T19:05:21+08:00][error] [8]A non well formed numeric value encountered[/Users/huang/Documents/project/jining/xingzhengguanli/app/controller/Schedule.php:242]
[2020-11-03T19:20:33+08:00][error] [8]未定义数组索引: utime[/Users/huang/Documents/project/jining/xingzhengguanli/app/controller/Station.php:24]
[2020-11-03T19:30:35+08:00][error] [2]array_multisort(): Argument #2 is expected to be an array or a sort flag[/Users/huang/Documents/project/jining/xingzhengguanli/app/controller/Station.php:26]
[2020-11-03T21:06:17+08:00][error] [0]模板文件不存在:/Users/huang/Documents/project/jining/xingzhengguanli/app/view/article_type/list.tpl[/Users/huang/Documents/project/jining/xingzhengguanli/vendor/topthink/think-view/src/Think.php:146]
[2020-11-03T21:06:19+08:00][error] [0]模板文件不存在:/Users/huang/Documents/project/jining/xingzhengguanli/app/view/article_type/list.tpl[/Users/huang/Documents/project/jining/xingzhengguanli/vendor/topthink/think-view/src/Think.php:146]
[2020-11-03T21:06:20+08:00][error] [0]模板文件不存在:/Users/huang/Documents/project/jining/xingzhengguanli/app/view/article_type/list.tpl[/Users/huang/Documents/project/jining/xingzhengguanli/vendor/topthink/think-view/src/Think.php:146]
[2020-11-03T21:09:03+08:00][error] [8]未定义数组索引: name[/Users/huang/Documents/project/jining/xingzhengguanli/runtime/temp/568d0c670ef31992b65d9bd83c358283.php:40]
[2020-11-03T21:12:24+08:00][error] [8]未定义数组索引: name[/Users/huang/Documents/project/jining/xingzhengguanli/runtime/temp/641f0f4f345932457a190df7728f6e36.php:76]
[2020-11-03T21:13:28+08:00][error] [0]Call to undefined method app\controller\ArticleType::setCache()[/Users/huang/Documents/project/jining/xingzhengguanli/app/controller/common/CommonWork.php:102]
[2020-11-03T21:13:33+08:00][error] [0]Call to undefined method app\controller\ArticleType::setCache()[/Users/huang/Documents/project/jining/xingzhengguanli/app/controller/common/CommonWork.php:102]
[2020-11-03T21:41:37+08:00][error] [0]模板文件不存在:/Users/huang/Documents/project/jining/xingzhengguanli/app/view/article/list.tpl[/Users/huang/Documents/project/jining/xingzhengguanli/vendor/topthink/think-view/src/Think.php:146]
[2020-11-03T21:43:05+08:00][error] [8]未定义数组索引: title[/Users/huang/Documents/project/jining/xingzhengguanli/runtime/temp/a9abc205648b7e6f40c9c4ccb0ca883c.php:40]
[2020-11-03T21:57:19+08:00][error] [8]未定义数组索引: name[/Users/huang/Documents/project/jining/xingzhengguanli/app/common.php:197]
