[2020-11-03T17:00:43+08:00][sql-error] [getListData]{"表":"sj_volunteer_user","字段":["id","name","status"],"条件":[],"排序":[],"条数":100,"错误":"SQLSTATE[42S22]: Column not found: 1054 Unknown column 'name' in 'field list'"}
[2020-11-03T17:00:48+08:00][sql-error] [getListData]{"表":"sj_volunteer_user","字段":["id","name","status"],"条件":[],"排序":[],"条数":100,"错误":"SQLSTATE[42S22]: Column not found: 1054 Unknown column 'name' in 'field list'"}
[2020-11-03T18:55:28+08:00][sql-error] [getListData]{"表":"sj_volunteer_user","字段":["id","name","status"],"条件":{"id":{"rule":"in","val":[1,2]}},"排序":[],"条数":100,"错误":"SQLSTATE[42S22]: Column not found: 1054 Unknown column 'name' in 'field list'"}
[2020-11-03T18:55:59+08:00][sql-error] [getListData]{"表":"sj_volunteer_user","字段":["id","name","status"],"条件":{"id":{"rule":"in","val":[1,2]}},"排序":[],"条数":100,"错误":"SQLSTATE[42S22]: Column not found: 1054 Unknown column 'name' in 'field list'"}
[2020-11-03T18:57:49+08:00][sql-error] [getListData]{"表":"sj_volunteer_user","字段":["id","name"],"条件":{"id":{"rule":"in","val":[1,2]}},"排序":[],"条数":100,"错误":"SQLSTATE[42S22]: Column not found: 1054 Unknown column 'name' in 'field list'"}
[2020-11-03T20:34:31+08:00][sql-error] [getListPageData]{"表":{"sj_message":{"alias":"message","joins":{"sj_user":{"alias":"volunteer_user","rule":"left","val":"message.user_id=volunteer_user.id"}}}},"字段":["message.id","user_id","message.ctime","message.utime","content","message.status","volunteer_user.username"],"条件":[],"排序":{"id":"desc"},"分页":"1-20","错误":"SQLSTATE[42S02]: Base table or view not found: 1146 Table 'shejiao.sj_message' doesn't exist"}
[2020-11-03T20:34:31+08:00][sql-error] [getListPageData]{"表":{"sj_comment":{"alias":"a","joins":{"sj_volunteer_user":{"alias":"b","rule":"left","val":"a.user_id=b.id"},"sj_message":{"alias":"c","rule":"left","val":"a.mes_id=c.id"}}}},"字段":["a.id","a.content","a.ctime","a.utime","a.user_id,c.content as mes_content","a.praise","a.status","b.username"],"条件":[],"排序":{"id":"desc"},"分页":"1-20","错误":"SQLSTATE[42S02]: Base table or view not found: 1146 Table 'shejiao.sj_comment' doesn't exist"}
[2020-11-03T20:34:34+08:00][sql-error] [getListPageData]{"表":"sj_course","字段":["id","title","desc","type","video","cover","content","user_id","utime","ctime","status"],"条件":[],"排序":{"id":"desc"},"分页":"1-20","错误":"SQLSTATE[42S22]: Column not found: 1054 Unknown column 'video' in 'field list'"}
[2020-11-03T21:06:17+08:00][sql-error] [getListPageData]{"表":"sj_article_type","字段":["id","name","status","ctime","utime"],"条件":[],"排序":{"id":"desc"},"分页":"1-20","错误":"SQLSTATE[42S22]: Column not found: 1054 Unknown column 'name' in 'field list'"}
[2020-11-03T21:06:19+08:00][sql-error] [getListPageData]{"表":"sj_article_type","字段":["id","name","status","ctime","utime"],"条件":[],"排序":{"id":"desc"},"分页":"1-20","错误":"SQLSTATE[42S22]: Column not found: 1054 Unknown column 'name' in 'field list'"}
[2020-11-03T21:06:20+08:00][sql-error] [getListPageData]{"表":"sj_article_type","字段":["id","name","status","ctime","utime"],"条件":[],"排序":{"id":"desc"},"分页":"1-20","错误":"SQLSTATE[42S22]: Column not found: 1054 Unknown column 'name' in 'field list'"}
[2020-11-03T21:06:45+08:00][sql-error] [getListPageData]{"表":"sj_article_type","字段":["id","name","status","ctime","utime"],"条件":[],"排序":{"id":"desc"},"分页":"1-20","错误":"SQLSTATE[42S22]: Column not found: 1054 Unknown column 'name' in 'field list'"}
[2020-11-03T21:06:59+08:00][sql-error] [getListPageData]{"表":"sj_article_type","字段":["id","name","status","ctime","utime"],"条件":[],"排序":{"id":"desc"},"分页":"1-20","错误":"SQLSTATE[42S22]: Column not found: 1054 Unknown column 'name' in 'field list'"}
[2020-11-03T21:07:25+08:00][sql-error] [getListPageData]{"表":"sj_article_type","字段":["id","name","status","ctime","utime"],"条件":[],"排序":{"id":"desc"},"分页":"1-20","错误":"SQLSTATE[42S22]: Column not found: 1054 Unknown column 'name' in 'field list'"}
[2020-11-03T21:20:42+08:00][sql-error] [getListPageData]{"表":{"sj_activity":{"alias":"a","joins":{"sj_thirdparty_user":{"alias":"b","rule":"left","val":"a.user_id=b.id"}}}},"字段":["a.id","a.title","a.content","a.begin_time","a.end_time","a.join_begin","a.join_end","a.user_id","a.address","a.utime","a.ctime","a.status","b.name as thirduser_name"],"条件":{"a.user_id":{"rule":"notequal","val":0}},"排序":{"id":"desc"},"分页":"1-20","错误":"SQLSTATE[42S02]: Base table or view not found: 1146 Table 'shejiao.sj_thirdparty_user' doesn't exist"}
[2020-11-03T21:20:44+08:00][sql-error] [getListPageData]{"表":{"sj_activity":{"alias":"a","joins":{"sj_thirdparty_user":{"alias":"b","rule":"left","val":"a.user_id=b.id"}}}},"字段":["a.id","a.title","a.content","a.begin_time","a.end_time","a.join_begin","a.join_end","a.user_id","a.address","a.utime","a.ctime","a.status","b.name as thirduser_name"],"条件":{"a.user_id":{"rule":"notequal","val":0}},"排序":{"id":"desc"},"分页":"1-20","错误":"SQLSTATE[42S02]: Base table or view not found: 1146 Table 'shejiao.sj_thirdparty_user' doesn't exist"}
[2020-11-03T21:20:45+08:00][sql-error] [getListPageData]{"表":"sj_thirdparty_user","字段":["id","username","name","identity","license","intent","credit","case","type","utime","ctime","status"],"条件":[],"排序":{"id":"desc"},"分页":"1-20","错误":"SQLSTATE[42S02]: Base table or view not found: 1146 Table 'shejiao.sj_thirdparty_user' doesn't exist"}
[2020-11-03T21:20:48+08:00][sql-error] [getListPageData]{"表":{"sj_message":{"alias":"message","joins":{"sj_user":{"alias":"volunteer_user","rule":"left","val":"message.user_id=volunteer_user.id"}}}},"字段":["message.id","user_id","message.ctime","message.utime","content","message.status","volunteer_user.username"],"条件":[],"排序":{"id":"desc"},"分页":"1-20","错误":"SQLSTATE[42S02]: Base table or view not found: 1146 Table 'shejiao.sj_message' doesn't exist"}
[2020-11-03T21:20:49+08:00][sql-error] [getListPageData]{"表":{"sj_comment":{"alias":"a","joins":{"sj_volunteer_user":{"alias":"b","rule":"left","val":"a.user_id=b.id"},"sj_message":{"alias":"c","rule":"left","val":"a.mes_id=c.id"}}}},"字段":["a.id","a.content","a.ctime","a.utime","a.user_id,c.content as mes_content","a.praise","a.status","b.username"],"条件":[],"排序":{"id":"desc"},"分页":"1-20","错误":"SQLSTATE[42S02]: Base table or view not found: 1146 Table 'shejiao.sj_comment' doesn't exist"}
[2020-11-03T21:20:53+08:00][sql-error] [getListPageData]{"表":"sj_course","字段":["id","title","desc","type","video","cover","content","user_id","utime","ctime","status"],"条件":[],"排序":{"id":"desc"},"分页":"1-20","错误":"SQLSTATE[42S22]: Column not found: 1054 Unknown column 'video' in 'field list'"}
[2020-11-03T21:41:37+08:00][sql-error] [getListPageData]{"表":null,"字段":["id","title","type","status","ctime","utime"],"条件":[],"排序":{"id":"desc"},"分页":"1-20","错误":"SQLSTATE[42S02]: Base table or view not found: 1146 Table 'shejiao.sj_' doesn't exist"}
[2020-11-03T21:43:03+08:00][sql-error] [getListPageData]{"表":null,"字段":["id","title","type","status","ctime","utime"],"条件":[],"排序":{"id":"desc"},"分页":"1-20","错误":"SQLSTATE[42S02]: Base table or view not found: 1146 Table 'shejiao.sj_' doesn't exist"}
[2020-11-03T21:46:10+08:00][sql-error] [getListPageData]{"表":null,"字段":["id","title","type","status","ctime","utime"],"条件":[],"排序":{"id":"desc"},"分页":"1-20","错误":"SQLSTATE[42S02]: Base table or view not found: 1146 Table 'shejiao.sj_' doesn't exist"}
[2020-11-03T21:47:00+08:00][sql-error] [getListPageData]{"表":null,"字段":["id","title","type","status","ctime","utime"],"条件":[],"排序":{"id":"desc"},"分页":"1-20","错误":"SQLSTATE[42S02]: Base table or view not found: 1146 Table 'shejiao.sj_' doesn't exist"}
[2020-11-03T21:47:46+08:00][sql-error] [getListPageData]{"表":null,"字段":["id","title","type","status","ctime","utime"],"条件":[],"排序":{"id":"desc"},"分页":"1-20","错误":"SQLSTATE[42S02]: Base table or view not found: 1146 Table 'shejiao.sj_' doesn't exist"}
[2020-11-03T21:48:15+08:00][sql-error] [getListPageData]{"表":null,"字段":["id","title","type","status","ctime","utime"],"条件":[],"排序":{"id":"desc"},"分页":"1-20","错误":"SQLSTATE[42S02]: Base table or view not found: 1146 Table 'shejiao.sj_' doesn't exist"}
[2020-11-03T21:48:18+08:00][sql-error] [getListPageData]{"表":null,"字段":["id","title","type","status","ctime","utime"],"条件":[],"排序":{"id":"desc"},"分页":"1-20","错误":"SQLSTATE[42S02]: Base table or view not found: 1146 Table 'shejiao.sj_' doesn't exist"}
[2020-11-03T21:50:26+08:00][sql-error] [getListPageData]{"表":null,"字段":["id","title","type","status","ctime","utime"],"条件":[],"排序":{"id":"desc"},"分页":"1-20","错误":"SQLSTATE[42S02]: Base table or view not found: 1146 Table 'shejiao.sj_' doesn't exist"}
[2020-11-03T21:57:18+08:00][sql-error] [getListPageData]{"表":null,"字段":["id","title","type","status","ctime","utime"],"条件":[],"排序":{"id":"desc"},"分页":"1-20","错误":"SQLSTATE[42S02]: Base table or view not found: 1146 Table 'shejiao.sj_' doesn't exist"}
[2020-11-03T21:58:20+08:00][sql-error] [getListPageData]{"表":null,"字段":["id","title","type","status","ctime","utime"],"条件":[],"排序":{"id":"desc"},"分页":"1-20","错误":"SQLSTATE[42S02]: Base table or view not found: 1146 Table 'shejiao.sj_' doesn't exist"}
[2020-11-03T22:00:54+08:00][sql-error] [getListPageData]{"表":null,"字段":["id","title","type","status","ctime","utime"],"条件":[],"排序":{"id":"desc"},"分页":"1-20","错误":"SQLSTATE[42S02]: Base table or view not found: 1146 Table 'shejiao.sj_' doesn't exist"}
[2020-11-03T22:00:57+08:00][sql-error] [getListPageData]{"表":null,"字段":["id","title","type","status","ctime","utime"],"条件":[],"排序":{"id":"desc"},"分页":"1-20","错误":"SQLSTATE[42S02]: Base table or view not found: 1146 Table 'shejiao.sj_' doesn't exist"}
[2020-11-03T22:01:32+08:00][sql-error] [getListPageData]{"表":null,"字段":["id","title","type","status","ctime","utime"],"条件":[],"排序":{"id":"desc"},"分页":"1-20","错误":"SQLSTATE[42S02]: Base table or view not found: 1146 Table 'shejiao.sj_' doesn't exist"}
[2020-11-03T22:05:50+08:00][sql-error] [getListPageData]{"表":null,"字段":["id","title","type","status","ctime","utime"],"条件":[],"排序":{"id":"desc"},"分页":"1-20","错误":"SQLSTATE[42S02]: Base table or view not found: 1146 Table 'shejiao.sj_' doesn't exist"}
[2020-11-03T22:06:19+08:00][sql-error] [getListPageData]{"表":null,"字段":["id","title","type","status","ctime","utime"],"条件":[],"排序":{"id":"desc"},"分页":"1-20","错误":"SQLSTATE[42S02]: Base table or view not found: 1146 Table 'shejiao.sj_' doesn't exist"}
[2020-11-03T22:06:41+08:00][sql-error] [getListPageData]{"表":null,"字段":["id","title","type","status","ctime","utime"],"条件":[],"排序":{"id":"desc"},"分页":"1-20","错误":"SQLSTATE[42S02]: Base table or view not found: 1146 Table 'shejiao.sj_' doesn't exist"}
[2020-11-03T22:11:26+08:00][sql-error] [getListPageData]{"表":null,"字段":["id","title","type","status","ctime","utime"],"条件":[],"排序":{"id":"desc"},"分页":"1-20","错误":"SQLSTATE[42S02]: Base table or view not found: 1146 Table 'shejiao.sj_' doesn't exist"}
[2020-11-03T22:12:02+08:00][sql-error] [insertDbData]{"表":null,"字段":{"title":"sdq","desc":"","content":"<p>ascac<\/p>","cover":"https:\/\/aps-1258075710.cos.ap-shanghai.myqcloud.com\/202011032147300f8d08513.jpg","type":"0","status":"0","utime":1604412722,"ctime":1604412722},"错误":"SQLSTATE[42S02]: Base table or view not found: 1146 Table 'shejiao.sj_' doesn't exist"}
[2020-11-03T22:12:07+08:00][sql-error] [getListPageData]{"表":null,"字段":["id","title","type","status","ctime","utime"],"条件":[],"排序":{"id":"desc"},"分页":"1-20","错误":"SQLSTATE[42S02]: Base table or view not found: 1146 Table 'shejiao.sj_' doesn't exist"}
[2020-11-03T22:12:59+08:00][sql-error] [insertDbData]{"表":null,"字段":{"title":"asdq","desc":"asda","content":"<p>adadada<\/p>","cover":"https:\/\/aps-1258075710.cos.ap-shanghai.myqcloud.com\/202011032147300f8d08513.jpg","type":"0","status":"0","utime":1604412779,"ctime":1604412779},"错误":"SQLSTATE[42S02]: Base table or view not found: 1146 Table 'shejiao.sj_' doesn't exist"}
[2020-11-03T22:13:57+08:00][sql-error] [getListPageData]{"表":null,"字段":["id","title","type","status","ctime","utime"],"条件":[],"排序":{"id":"desc"},"分页":"1-20","错误":"SQLSTATE[42S02]: Base table or view not found: 1146 Table 'shejiao.sj_' doesn't exist"}
[2020-11-03T22:14:02+08:00][sql-error] [getListPageData]{"表":null,"字段":["id","title","type","status","ctime","utime"],"条件":[],"排序":{"id":"desc"},"分页":"1-20","错误":"SQLSTATE[42S02]: Base table or view not found: 1146 Table 'shejiao.sj_' doesn't exist"}
[2020-11-03T22:15:06+08:00][sql-error] [insertDbData]{"表":null,"字段":{"title":"阿斯达","desc":"","content":"<p>阿斯达多<\/p>","cover":"https:\/\/aps-1258075710.cos.ap-shanghai.myqcloud.com\/202011032147300f8d08513.jpg","type":"3","status":"0","utime":1604412906,"ctime":1604412906},"错误":"SQLSTATE[42S02]: Base table or view not found: 1146 Table 'shejiao.sj_' doesn't exist"}
